
ROM used:   736/8192 (9%)
            736/8192 (9%) including unused fragments

            0.9 Average locations per line
            21.0 Average locations per statement

RAM used:   23/368 (6%) at main() level
            41/368 (11%) worst case

Stack used: 1 worst case (1 in main + 0 for interrupts)
Stack size: 8

Lines Stmts  %   Files
----- ----- ---  -----
   69    35 100  main.c
  708     0   0  C:\Program Files (x86)\PICC\Devices\16F877A.h
----- -----
  777    35 Total

Page ROM  %  RAM    Vol Diff  Functions:
---- --- --- ---    --- ----  ----------
0     20   3    1             @delay_ms1
0     87  12    1    574  3.8  Hienthi
0     21   3    3             @DIV88
0    171  23    4    253  2.9  Doc_ADC
0     29   4    2             @ITOF
0    117  16   13             @MULFF
0    202  27   14             @DIVFF
0     31   4    4             @SFTOI
0     54   7    0    114  1.7  MAIN
 Inline         0             @cinit1

Program metrics:
    Functions               3
    Statements              35
    Comments                122
    Volume (V)              1209
    Difficulty (D)          7.8
    Effort to implement (E) 9480
    Time to implement (T)   9 minutes
    Est Delivered Bugs (B)  0
    Cyclomatic Complexity   1
    Maintainability (MI)    78

 Segment     Used  Free
-----------  ----  ----
00000-00003     4  0  
00004-007FF   732  1312  
00800-00FFF     0  2048  
01000-017FF     0  2048  
01800-01FFF     0  2048  



