CCS PCM C Compiler, Version 5.112, 43599               07-Thg11-23 13:31

               Filename:   D:\baitapvixuly\bai1\code\b1.lst

               ROM used:   139 words (2%)
                           Largest free fragment is 2048
               RAM used:   5 (1%) at main() level
                           21 (6%) worst case
               Stack used: 0 locations
               Stack size: 8

*
0000:  MOVLW  00
0001:  MOVWF  0A
0002:  GOTO   07C
0003:  NOP
.................... #include <b1.h>
.................... #include <16F877A.h>
.................... //////////// Standard Header file for the PIC16F877A device ////////////////
.................... ///////////////////////////////////////////////////////////////////////////
.................... ////        (C) Copyright 1996, 2020 Custom Computer Services          ////
.................... //// This source code may only be used by licensed users of the CCS C  ////
.................... //// compiler.  This source code may only be distributed to other      ////
.................... //// licensed users of the CCS C compiler.  No other use, reproduction ////
.................... //// or distribution is permitted without written permission.          ////
.................... //// Derivative programs created using this software in object code    ////
.................... //// form are not restricted in any way.                               ////
.................... ///////////////////////////////////////////////////////////////////////////
.................... #device PIC16F877A
*
0042:  MOVLW  10
0043:  MOVWF  30
0044:  CLRF   77
0045:  CLRF   7A
0046:  RRF    2D,F
0047:  RRF    2C,F
0048:  BTFSS  03.0
0049:  GOTO   050
004A:  MOVF   2E,W
004B:  ADDWF  77,F
004C:  BTFSC  03.0
004D:  INCF   7A,F
004E:  MOVF   2F,W
004F:  ADDWF  7A,F
0050:  RRF    7A,F
0051:  RRF    77,F
0052:  RRF    79,F
0053:  RRF    78,F
0054:  DECFSZ 30,F
0055:  GOTO   046
.................... 
.................... #list
.................... 
.................... #device ADC=10
.................... #use delay(crystal=20000000)
.................... #use delay(clock=20000000)
*
0004:  MOVLW  2D
0005:  MOVWF  04
0006:  BCF    03.7
0007:  MOVF   00,W
0008:  BTFSC  03.2
0009:  GOTO   017
000A:  MOVLW  06
000B:  MOVWF  78
000C:  CLRF   77
000D:  DECFSZ 77,F
000E:  GOTO   00D
000F:  DECFSZ 78,F
0010:  GOTO   00C
0011:  MOVLW  7B
0012:  MOVWF  77
0013:  DECFSZ 77,F
0014:  GOTO   013
0015:  DECFSZ 00,F
0016:  GOTO   00A
0017:  RETURN
.................... 
.................... 
.................... 
.................... void bai1(void)
.................... {
....................    int i;
....................    unsigned int8 a[8]={0x01,0x02,0x04,0x08,0x10,0x20,0x40,0x80};
0018:  MOVLW  01
0019:  MOVWF  22
001A:  MOVLW  02
001B:  MOVWF  23
001C:  MOVLW  04
001D:  MOVWF  24
001E:  MOVLW  08
001F:  MOVWF  25
0020:  MOVLW  10
0021:  MOVWF  26
0022:  MOVLW  20
0023:  MOVWF  27
0024:  MOVLW  40
0025:  MOVWF  28
0026:  MOVLW  80
0027:  MOVWF  29
....................    for(i=0;i<=7;i++){
0028:  CLRF   21
0029:  MOVF   21,W
002A:  SUBLW  07
002B:  BTFSS  03.0
002C:  GOTO   069
....................       OUTPUT_B(a[i]);
002D:  MOVLW  22
002E:  ADDWF  21,W
002F:  MOVWF  04
0030:  BCF    03.7
0031:  MOVF   00,W
0032:  MOVWF  2A
0033:  BSF    03.5
0034:  CLRF   06
0035:  BCF    03.5
0036:  MOVF   2A,W
0037:  MOVWF  06
....................       delay_ms((i+1)*1000);
0038:  MOVLW  01
0039:  ADDWF  21,W
003A:  MOVWF  2B
003B:  CLRF   2D
003C:  MOVF   2B,W
003D:  MOVWF  2C
003E:  MOVLW  03
003F:  MOVWF  2F
0040:  MOVLW  E8
0041:  MOVWF  2E
*
0056:  MOVF   79,W
0057:  MOVWF  2B
0058:  MOVF   78,W
0059:  MOVWF  2A
005A:  MOVF   79,W
005B:  MOVWF  2C
005C:  INCF   2C,F
005D:  DECF   2C,F
005E:  BTFSC  03.2
005F:  GOTO   064
0060:  MOVLW  FF
0061:  MOVWF  2D
0062:  CALL   004
0063:  GOTO   05D
0064:  MOVF   2A,W
0065:  MOVWF  2D
0066:  CALL   004
0067:  INCF   21,F
0068:  GOTO   029
....................    }
....................    OUTPUT_B(0xFF);
0069:  BSF    03.5
006A:  CLRF   06
006B:  MOVLW  FF
006C:  BCF    03.5
006D:  MOVWF  06
....................    delay_ms(3000);
006E:  MOVLW  0C
006F:  MOVWF  2A
0070:  MOVLW  FA
0071:  MOVWF  2D
0072:  CALL   004
0073:  DECFSZ 2A,F
0074:  GOTO   070
....................    OUTPUT_B(0x00);
0075:  BSF    03.5
0076:  CLRF   06
0077:  BCF    03.5
0078:  CLRF   06
0079:  BCF    0A.3
007A:  BCF    0A.4
007B:  GOTO   089 (RETURN)
.................... }
.................... void main()
007C:  MOVF   03,W
007D:  ANDLW  1F
007E:  MOVWF  03
007F:  BSF    03.5
0080:  BSF    1F.0
0081:  BSF    1F.1
0082:  BSF    1F.2
0083:  BCF    1F.3
0084:  MOVLW  07
0085:  MOVWF  1C
0086:  BCF    03.7
.................... {
....................    while(true){
....................          bai1();
0087:  BCF    03.5
0088:  GOTO   018
0089:  GOTO   088
....................       }
.................... }
.................... 
008A:  SLEEP

Configuration Fuses:
   Word  1: 3F72   HS NOWDT PUT BROWNOUT NOLVP NOCPD NOWRT NODEBUG NOPROTECT
