
ROM used:   221/8192 (3%)
            221/8192 (3%) including unused fragments

            0.3 Average locations per line
            13.0 Average locations per statement

RAM used:   13/368 (4%) at main() level
            29/368 (8%) worst case

Stack used: 1 worst case (0 in main + 1 for interrupts)
Stack size: 8

Lines Stmts  %   Files
----- ----- ---  -----
   33    17 100  main.c
   18     0   0  main.h
  708     0   0  C:\Program Files (x86)\PICC\Devices\16F877A.h
----- -----
  759    17 Total

Page ROM  %  RAM    Vol Diff  Functions:
---- --- --- ---    --- ----  ----------
0     20   9    1             @delay_ms1
0     17   8    0     37  1.1  TIMER1_isr
0    100  45   12    379  5.3  bai1
 Inline         5             @MUL1616
0     35  16    0    134  2.2  MAIN
 Inline         0             @cinit1

Program metrics:
    Functions               3
    Statements              17
    Comments                122
    Volume (V)              698
    Difficulty (D)          8.2
    Effort to implement (E) 5729
    Time to implement (T)   5 minutes
    Est Delivered Bugs (B)  0
    Cyclomatic Complexity   1
    Maintainability (MI)    93

 Segment     Used  Free
-----------  ----  ----
00000-00003     4  0  
00004-00030    45  0  
00031-007FF   172  1827  
00800-00FFF     0  2048  
01000-017FF     0  2048  
01800-01FFF     0  2048  



