
ROM used:   378/8192 (5%)
            378/8192 (5%) including unused fragments

            0.5 Average locations per line
            7.7 Average locations per statement

RAM used:   15/368 (4%) at main() level
            32/368 (9%) worst case

Stack used: 2 worst case (1 in main + 1 for interrupts)
Stack size: 8

Lines Stmts  %   Files
----- ----- ---  -----
   87    49 100  main.c
    5     0   0  main.h
  708     0   0  C:\Program Files (x86)\PICC\Devices\16F877A.h
----- -----
  800    49 Total

Page ROM  %  RAM    Vol Diff  Functions:
---- --- --- ---    --- ----  ----------
0     21   6    1             @delay_ms1
0     46  12    0    248  4.5  Ngat_timer0
0     65  17    1    380  3.7  seg
0    126  33   12    535  3.5  hienso
0     37  10    5             @DIV1616
0     36  10    0    141  2.2  MAIN
 Inline         0             @cinit1

Program metrics:
    Functions               4
    Statements              49
    Comments                122
    Volume (V)              1787
    Difficulty (D)          13.8
    Effort to implement (E) 24657
    Time to implement (T)   23 minutes
    Est Delivered Bugs (B)  0
    Cyclomatic Complexity   14
    Maintainability (MI)    136

 Segment     Used  Free
-----------  ----  ----
00000-00003     4  0  
00004-0002E    43  0  
0002F-007FF   331  1670  
00800-00FFF     0  2048  
01000-017FF     0  2048  
01800-01FFF     0  2048  



