*** Error 12 "main.c" Line 27(13,14): Undefined identifier  -- _delay_ms
*** Error 12 "main.c" Line 31(13,14): Undefined identifier  -- _delay_ms
*** Error 12 "main.c" Line 39(10,15): Undefined identifier   TRISB
*** Error 12 "main.c" Line 43(26,27): Undefined identifier   RB0
*** Error 43 "main.c" Line 43(97,98): Expecting a declaration
*** Error 43 "main.c" Line 48(4,9): Expecting a declaration
*** Error 43 "main.c" Line 48(10,11): Expecting a declaration
*** Error 43 "main.c" Line 48(11,12): Expecting a declaration
*** Error 43 "main.c" Line 48(12,13): Expecting a declaration
*** Error 43 "main.c" Line 48(14,15): Expecting a declaration
*** Error 43 "main.c" Line 51(4,7): Expecting a declaration
*** Error 43 "main.c" Line 51(8,9): Expecting a declaration
*** Error 48 "main.c" Line 51(22,23): Expecting a (
*** Error 43 "main.c" Line 51(24,25): Expecting a declaration
*** Error 43 "main.c" Line 51(25,26): Expecting a declaration
*** Error 48 "main.c" Line 51(27,28): Expecting a (
*** Error 43 "main.c" Line 51(30,31): Expecting a declaration
*** Error 43 "main.c" Line 51(32,33): Expecting a declaration
*** Error 27 "main.c" Line 52(13,14): Expression must evaluate to a constant
*** Error 43 "main.c" Line 52(14,15): Expecting a declaration
*** Error 43 "main.c" Line 52(16,20): Expecting a declaration
*** Error 43 "main.c" Line 52(20,21): Expecting a declaration
*** Error 43 "main.c" Line 52(21,22): Expecting a declaration
*** Error 43 "main.c" Line 53(9,10): Expecting a declaration
*** Error 28 "main.c" Line 55(16,18): Expecting an identifier
*** Error 43 "main.c" Line 55(19,20): Expecting a declaration
*** Error 43 "main.c" Line 56(5,6): Expecting a declaration
*** Error 43 "main.c" Line 57(1,2): Expecting a declaration
      28 Errors,  0 Warnings.
