
ROM used: 90 (1%)
          90 (1%) including unused fragments

          0 Average locations per line
          10 Average locations per statement

RAM used: 6 (2%) at main() level
          6 (2%) worst case

Stack used: 0 worst case (out of 8 total available)

Lines Stmts  %   Files
----- ----- ---  -----
   20     9 100  main.c
   18     0   0  main.h
  326     0   0  C:\Program Files (x86)\PICC\devices\16F877A.h
----- -----
  364     9 Total

Page ROM  %  RAM   Vol Diff  Functions:
---- --- --- ---   --- ----  ----------
0     86  96   0   212  2.3  main

Program metrics:
    Functions               1
    Statements              9
    Comments                76
    Volume (V)              212
    Difficilty (D)          2.3
    Effort to implement (E) 483
    Time to implement (T)   0 minutes
    Est Delivered Bugs (B)  0
    Cyclomatic Complexity   1
    Maintainability (MI)    148

 Segment     Used  Free
-----------  ----  ----
00000-00003     4  0  
00004-007FF    86  1958  
00800-00FFF     0  2048  
01000-017FF     0  2048  
01800-01FFF     0  2048  



