CCS PCM C Compiler, Version 5.112, 43599               20-Thg11-23 23:47

               Filename:   D:\baitapvixuly\bai5\code\main.lst

               ROM used:   1063 words (13%)
                           Largest free fragment is 2048
               RAM used:   16 (4%) at main() level
                           42 (11%) worst case
               Stack used: 5 locations
               Stack size: 8

*
0000:  MOVLW  03
0001:  MOVWF  0A
0002:  GOTO   3C1
0003:  NOP
.................... #include <16F877A.h>
.................... //////////// Standard Header file for the PIC16F877A device ////////////////
.................... ///////////////////////////////////////////////////////////////////////////
.................... ////        (C) Copyright 1996, 2020 Custom Computer Services          ////
.................... //// This source code may only be used by licensed users of the CCS C  ////
.................... //// compiler.  This source code may only be distributed to other      ////
.................... //// licensed users of the CCS C compiler.  No other use, reproduction ////
.................... //// or distribution is permitted without written permission.          ////
.................... //// Derivative programs created using this software in object code    ////
.................... //// form are not restricted in any way.                               ////
.................... ///////////////////////////////////////////////////////////////////////////
.................... #device PIC16F877A
0004:  DATA C7,34
0005:  DATA 61,10
0006:  DATA 74,39
0007:  DATA 69,10
0008:  DATA 52,2B
0009:  DATA 31,1D
000A:  DATA 20,00
000B:  DATA C7,34
000C:  DATA 61,10
000D:  DATA 74,39
000E:  DATA 69,10
000F:  DATA 52,2B
0010:  DATA 31,1D
0011:  DATA 20,00
*
01C9:  MOVF   0B,W
01CA:  MOVWF  2B
01CB:  BCF    0B.7
01CC:  BSF    03.5
01CD:  BSF    03.6
01CE:  BSF    0C.7
01CF:  BSF    0C.0
01D0:  NOP
01D1:  NOP
01D2:  BCF    03.5
01D3:  BCF    03.6
01D4:  BTFSC  2B.7
01D5:  BSF    0B.7
01D6:  BSF    03.6
01D7:  MOVF   0C,W
01D8:  ANDLW  7F
01D9:  BTFSC  03.2
01DA:  GOTO   21D
01DB:  BCF    03.6
01DC:  MOVWF  2B
01DD:  BSF    03.6
01DE:  MOVF   0D,W
01DF:  BCF    03.6
01E0:  MOVWF  2C
01E1:  BSF    03.6
01E2:  MOVF   0F,W
01E3:  BCF    03.6
01E4:  MOVWF  2D
01E5:  MOVF   2B,W
01E6:  MOVWF  38
01E7:  CALL   19D
01E8:  MOVF   2C,W
01E9:  BSF    03.6
01EA:  MOVWF  0D
01EB:  BCF    03.6
01EC:  MOVF   2D,W
01ED:  BSF    03.6
01EE:  MOVWF  0F
01EF:  BCF    03.6
01F0:  MOVF   0B,W
01F1:  MOVWF  2E
01F2:  BCF    0B.7
01F3:  BSF    03.5
01F4:  BSF    03.6
01F5:  BSF    0C.7
01F6:  BSF    0C.0
01F7:  NOP
01F8:  NOP
01F9:  BCF    03.5
01FA:  BCF    03.6
01FB:  BTFSC  2E.7
01FC:  BSF    0B.7
01FD:  BSF    03.6
01FE:  RLF    0C,W
01FF:  RLF    0E,W
0200:  ANDLW  7F
0201:  BTFSC  03.2
0202:  GOTO   21D
0203:  BCF    03.6
0204:  MOVWF  2B
0205:  BSF    03.6
0206:  MOVF   0D,W
0207:  BCF    03.6
0208:  MOVWF  2C
0209:  BSF    03.6
020A:  MOVF   0F,W
020B:  BCF    03.6
020C:  MOVWF  2D
020D:  MOVF   2B,W
020E:  MOVWF  38
020F:  CALL   19D
0210:  MOVF   2C,W
0211:  BSF    03.6
0212:  MOVWF  0D
0213:  BCF    03.6
0214:  MOVF   2D,W
0215:  BSF    03.6
0216:  MOVWF  0F
0217:  INCF   0D,F
0218:  BTFSC  03.2
0219:  INCF   0F,F
021A:  BCF    03.6
021B:  GOTO   1C9
021C:  BSF    03.6
021D:  BCF    03.6
021E:  RETURN
021F:  BTFSC  03.1
0220:  GOTO   224
0221:  MOVLW  40
0222:  MOVWF  04
0223:  BCF    03.7
0224:  CLRF   77
0225:  CLRF   78
0226:  CLRF   79
0227:  CLRF   7A
0228:  CLRF   40
0229:  CLRF   41
022A:  CLRF   42
022B:  CLRF   43
022C:  MOVF   3F,W
022D:  IORWF  3E,W
022E:  IORWF  3D,W
022F:  IORWF  3C,W
0230:  BTFSC  03.2
0231:  GOTO   262
0232:  MOVLW  20
0233:  MOVWF  44
0234:  BCF    03.0
0235:  RLF    38,F
0236:  RLF    39,F
0237:  RLF    3A,F
0238:  RLF    3B,F
0239:  RLF    40,F
023A:  RLF    41,F
023B:  RLF    42,F
023C:  RLF    43,F
023D:  MOVF   3F,W
023E:  SUBWF  43,W
023F:  BTFSS  03.2
0240:  GOTO   24B
0241:  MOVF   3E,W
0242:  SUBWF  42,W
0243:  BTFSS  03.2
0244:  GOTO   24B
0245:  MOVF   3D,W
0246:  SUBWF  41,W
0247:  BTFSS  03.2
0248:  GOTO   24B
0249:  MOVF   3C,W
024A:  SUBWF  40,W
024B:  BTFSS  03.0
024C:  GOTO   25C
024D:  MOVF   3C,W
024E:  SUBWF  40,F
024F:  MOVF   3D,W
0250:  BTFSS  03.0
0251:  INCFSZ 3D,W
0252:  SUBWF  41,F
0253:  MOVF   3E,W
0254:  BTFSS  03.0
0255:  INCFSZ 3E,W
0256:  SUBWF  42,F
0257:  MOVF   3F,W
0258:  BTFSS  03.0
0259:  INCFSZ 3F,W
025A:  SUBWF  43,F
025B:  BSF    03.0
025C:  RLF    77,F
025D:  RLF    78,F
025E:  RLF    79,F
025F:  RLF    7A,F
0260:  DECFSZ 44,F
0261:  GOTO   234
0262:  MOVF   40,W
0263:  MOVWF  00
0264:  INCF   04,F
0265:  MOVF   41,W
0266:  MOVWF  00
0267:  INCF   04,F
0268:  MOVF   42,W
0269:  MOVWF  00
026A:  INCF   04,F
026B:  MOVF   43,W
026C:  MOVWF  00
026D:  RETURN
026E:  MOVF   04,W
026F:  MOVWF  30
0270:  MOVF   2F,W
0271:  MOVWF  32
0272:  BTFSC  03.2
0273:  GOTO   300
0274:  MOVF   2E,W
0275:  MOVWF  3B
0276:  MOVF   2D,W
0277:  MOVWF  3A
0278:  MOVF   2C,W
0279:  MOVWF  39
027A:  MOVF   2B,W
027B:  MOVWF  38
027C:  CLRF   3F
027D:  CLRF   3E
027E:  MOVLW  20
027F:  MOVWF  3D
0280:  MOVLW  82
0281:  MOVWF  3C
0282:  MOVF   38,W
0283:  BTFSC  03.2
0284:  GOTO   2F2
0285:  MOVWF  40
0286:  MOVF   3C,W
0287:  BTFSC  03.2
0288:  GOTO   2F2
0289:  ADDWF  40,F
028A:  BTFSC  03.0
028B:  GOTO   293
028C:  MOVLW  7F
028D:  SUBWF  40,F
028E:  BTFSS  03.0
028F:  GOTO   2F2
0290:  BTFSC  03.2
0291:  GOTO   2F2
0292:  GOTO   297
0293:  MOVLW  81
0294:  ADDWF  40,F
0295:  BTFSC  03.0
0296:  GOTO   2F2
0297:  MOVF   40,W
0298:  MOVWF  77
0299:  CLRF   78
029A:  CLRF   79
029B:  CLRF   7A
029C:  MOVF   39,W
029D:  MOVWF  44
029E:  BSF    44.7
029F:  MOVF   3A,W
02A0:  MOVWF  43
02A1:  MOVF   3B,W
02A2:  MOVWF  42
02A3:  MOVLW  18
02A4:  MOVWF  40
02A5:  CLRF   41
02A6:  BTFSS  42.0
02A7:  GOTO   2C0
02A8:  MOVF   3F,W
02A9:  ADDWF  7A,F
02AA:  BTFSS  03.0
02AB:  GOTO   2B2
02AC:  INCF   79,F
02AD:  BTFSS  03.2
02AE:  GOTO   2B2
02AF:  INCF   78,F
02B0:  BTFSC  03.2
02B1:  BSF    41.7
02B2:  MOVF   3E,W
02B3:  ADDWF  79,F
02B4:  BTFSS  03.0
02B5:  GOTO   2B9
02B6:  INCF   78,F
02B7:  BTFSC  03.2
02B8:  BSF    41.7
02B9:  MOVF   3D,W
02BA:  MOVWF  3A
02BB:  BSF    3A.7
02BC:  MOVF   3A,W
02BD:  ADDWF  78,F
02BE:  BTFSC  03.0
02BF:  BSF    41.7
02C0:  RLF    41,F
02C1:  RRF    78,F
02C2:  RRF    79,F
02C3:  RRF    7A,F
02C4:  RRF    44,F
02C5:  RRF    43,F
02C6:  RRF    42,F
02C7:  BCF    03.0
02C8:  DECFSZ 40,F
02C9:  GOTO   2A5
02CA:  MOVLW  01
02CB:  ADDWF  77,F
02CC:  BTFSC  03.0
02CD:  GOTO   2F2
02CE:  BTFSC  78.7
02CF:  GOTO   2D7
02D0:  RLF    44,F
02D1:  RLF    7A,F
02D2:  RLF    79,F
02D3:  RLF    78,F
02D4:  DECF   77,F
02D5:  BTFSC  03.2
02D6:  GOTO   2F2
02D7:  BTFSS  44.7
02D8:  GOTO   2E8
02D9:  INCF   7A,F
02DA:  BTFSS  03.2
02DB:  GOTO   2E8
02DC:  INCF   79,F
02DD:  BTFSS  03.2
02DE:  GOTO   2E8
02DF:  INCF   78,F
02E0:  BTFSS  03.2
02E1:  GOTO   2E8
02E2:  RRF    78,F
02E3:  RRF    79,F
02E4:  RRF    7A,F
02E5:  INCF   77,F
02E6:  BTFSC  03.2
02E7:  GOTO   2F2
02E8:  MOVF   39,W
02E9:  MOVWF  41
02EA:  MOVF   3D,W
02EB:  XORWF  41,F
02EC:  BTFSS  41.7
02ED:  GOTO   2F0
02EE:  BSF    78.7
02EF:  GOTO   2F6
02F0:  BCF    78.7
02F1:  GOTO   2F6
02F2:  CLRF   77
02F3:  CLRF   78
02F4:  CLRF   79
02F5:  CLRF   7A
02F6:  MOVF   7A,W
02F7:  MOVWF  2E
02F8:  MOVF   79,W
02F9:  MOVWF  2D
02FA:  MOVF   78,W
02FB:  MOVWF  2C
02FC:  MOVF   77,W
02FD:  MOVWF  2B
02FE:  DECFSZ 32,F
02FF:  GOTO   274
0300:  MOVF   2E,W
0301:  MOVWF  3B
0302:  MOVF   2D,W
0303:  MOVWF  3A
0304:  MOVF   2C,W
0305:  MOVWF  39
0306:  MOVF   2B,W
0307:  MOVWF  38
0308:  MOVF   38,W
0309:  SUBLW  B6
030A:  MOVWF  38
030B:  CLRF   7A
030C:  MOVF   39,W
030D:  MOVWF  3C
030E:  BSF    39.7
030F:  BCF    03.0
0310:  RRF    39,F
0311:  RRF    3A,F
0312:  RRF    3B,F
0313:  RRF    7A,F
0314:  RRF    79,F
0315:  RRF    78,F
0316:  RRF    77,F
0317:  DECFSZ 38,F
0318:  GOTO   30F
0319:  BTFSS  3C.7
031A:  GOTO   326
031B:  COMF   77,F
031C:  COMF   78,F
031D:  COMF   79,F
031E:  COMF   7A,F
031F:  INCF   77,F
0320:  BTFSC  03.2
0321:  INCF   78,F
0322:  BTFSC  03.2
0323:  INCF   79,F
0324:  BTFSC  03.2
0325:  INCF   7A,F
0326:  MOVF   7A,W
0327:  MOVWF  2E
0328:  MOVF   79,W
0329:  MOVWF  2D
032A:  MOVF   78,W
032B:  MOVWF  2C
032C:  MOVF   77,W
032D:  MOVWF  2B
032E:  BTFSS  2E.7
032F:  GOTO   33D
0330:  DECF   30,F
0331:  BSF    30.5
0332:  COMF   2B,F
0333:  COMF   2C,F
0334:  COMF   2D,F
0335:  COMF   2E,F
0336:  INCF   2B,F
0337:  BTFSC  03.2
0338:  INCF   2C,F
0339:  BTFSC  03.2
033A:  INCF   2D,F
033B:  BTFSC  03.2
033C:  INCF   2E,F
033D:  MOVLW  3B
033E:  MOVWF  37
033F:  MOVLW  9A
0340:  MOVWF  36
0341:  MOVLW  CA
0342:  MOVWF  35
0343:  CLRF   34
0344:  MOVLW  0A
0345:  MOVWF  32
0346:  MOVF   2F,W
0347:  BTFSC  03.2
0348:  INCF   30,F
0349:  BSF    03.1
034A:  MOVLW  2B
034B:  MOVWF  04
034C:  BCF    03.7
034D:  MOVF   2E,W
034E:  MOVWF  3B
034F:  MOVF   2D,W
0350:  MOVWF  3A
0351:  MOVF   2C,W
0352:  MOVWF  39
0353:  MOVF   2B,W
0354:  MOVWF  38
0355:  MOVF   37,W
0356:  MOVWF  3F
0357:  MOVF   36,W
0358:  MOVWF  3E
0359:  MOVF   35,W
035A:  MOVWF  3D
035B:  MOVF   34,W
035C:  MOVWF  3C
035D:  CALL   21F
035E:  MOVF   78,W
035F:  MOVF   77,F
0360:  BTFSS  03.2
0361:  GOTO   375
0362:  INCF   2F,W
0363:  SUBWF  32,W
0364:  BTFSC  03.2
0365:  GOTO   375
0366:  MOVF   30,W
0367:  BTFSC  03.2
0368:  GOTO   377
0369:  ANDLW  0F
036A:  SUBWF  32,W
036B:  BTFSC  03.2
036C:  GOTO   36F
036D:  BTFSC  03.0
036E:  GOTO   3A7
036F:  BTFSC  30.7
0370:  GOTO   3A7
0371:  BTFSC  30.6
0372:  GOTO   377
0373:  MOVLW  20
0374:  GOTO   3A3
0375:  MOVLW  20
0376:  ANDWF  30,F
0377:  BTFSS  30.5
0378:  GOTO   385
0379:  BCF    30.5
037A:  MOVF   2F,W
037B:  BTFSS  03.2
037C:  DECF   30,F
037D:  MOVF   77,W
037E:  MOVWF  30
037F:  MOVLW  2D
0380:  MOVWF  38
0381:  CALL   19D
0382:  MOVF   30,W
0383:  MOVWF  77
0384:  CLRF   30
0385:  MOVF   2F,W
0386:  SUBWF  32,W
0387:  BTFSS  03.2
0388:  GOTO   393
0389:  MOVF   77,W
038A:  MOVWF  30
038B:  MOVLW  2E
038C:  MOVWF  38
038D:  CALL   19D
038E:  MOVF   30,W
038F:  MOVWF  77
0390:  MOVLW  20
0391:  ANDWF  30,F
0392:  MOVLW  00
0393:  MOVLW  30
0394:  BTFSS  30.5
0395:  GOTO   3A3
0396:  BCF    30.5
0397:  MOVF   2F,W
0398:  BTFSS  03.2
0399:  DECF   30,F
039A:  MOVF   77,W
039B:  MOVWF  30
039C:  MOVLW  2D
039D:  MOVWF  38
039E:  CALL   19D
039F:  MOVF   30,W
03A0:  MOVWF  77
03A1:  CLRF   30
03A2:  MOVLW  30
03A3:  ADDWF  77,F
03A4:  MOVF   77,W
03A5:  MOVWF  38
03A6:  CALL   19D
03A7:  BCF    03.1
03A8:  MOVF   37,W
03A9:  MOVWF  3B
03AA:  MOVF   36,W
03AB:  MOVWF  3A
03AC:  MOVF   35,W
03AD:  MOVWF  39
03AE:  MOVF   34,W
03AF:  MOVWF  38
03B0:  CLRF   3F
03B1:  CLRF   3E
03B2:  CLRF   3D
03B3:  MOVLW  0A
03B4:  MOVWF  3C
03B5:  CALL   21F
03B6:  MOVF   7A,W
03B7:  MOVWF  37
03B8:  MOVF   79,W
03B9:  MOVWF  36
03BA:  MOVF   78,W
03BB:  MOVWF  35
03BC:  MOVF   77,W
03BD:  MOVWF  34
03BE:  DECFSZ 32,F
03BF:  GOTO   349
03C0:  RETURN
.................... 
.................... #list
.................... 
.................... #use delay(crystal=20000000)
*
0012:  MOVLW  39
0013:  MOVWF  04
0014:  BCF    03.7
0015:  MOVF   00,W
0016:  BTFSC  03.2
0017:  GOTO   025
0018:  MOVLW  06
0019:  MOVWF  78
001A:  CLRF   77
001B:  DECFSZ 77,F
001C:  GOTO   01B
001D:  DECFSZ 78,F
001E:  GOTO   01A
001F:  MOVLW  7B
0020:  MOVWF  77
0021:  DECFSZ 77,F
0022:  GOTO   021
0023:  DECFSZ 00,F
0024:  GOTO   018
0025:  RETURN
.................... 
.................... #define LCD_ENABLE_PIN PIN_C0
.................... #define LCD_RS_PIN     PIN_C1
.................... #define LCD_RW_PIN     PIN_C2
.................... #define LCD_DATA4      PIN_C3
.................... #define LCD_DATA5      PIN_C4
.................... #define LCD_DATA6      PIN_C5
.................... #define LCD_DATA7      PIN_C6
.................... #include<lcd.c> 
.................... ///////////////////////////////////////////////////////////////////////////////
.................... ////                             LCD.C                                     ////
.................... ////                 Driver for common LCD modules                         ////
.................... ////                                                                       ////
.................... ////  lcd_init()   Must be called before any other function.               ////
.................... ////                                                                       ////
.................... ////  lcd_putc(c)  Will display c on the next position of the LCD.         ////
.................... ////                 \a  Set cursor position to upper left                 ////
.................... ////                 \f  Clear display, set cursor to upper left           ////
.................... ////                 \n  Go to start of second line                        ////
.................... ////                 \b  Move back one position                            ////
.................... ////              If LCD_EXTENDED_NEWLINE is defined, the \n character     ////
.................... ////              will erase all remanining characters on the current      ////
.................... ////              line, and move the cursor to the beginning of the next   ////
.................... ////              line.                                                    ////
.................... ////              If LCD_EXTENDED_NEWLINE is defined, the \r character     ////
.................... ////              will move the cursor to the start of the current         ////
.................... ////              line.                                                    ////
.................... ////                                                                       ////
.................... ////  lcd_gotoxy(x,y) Set write position on LCD (upper left is 1,1)        ////
.................... ////                                                                       ////
.................... ////  lcd_getc(x,y)   Returns character at position x,y on LCD             ////
.................... ////                                                                       ////
.................... ////  lcd_cursor_on(int1 on)   Turn the cursor on (on=TRUE) or off         ////
.................... ////              (on=FALSE).                                              ////
.................... ////                                                                       ////
.................... ////  lcd_set_cgram_char(w, *p)   Write a custom character to the CGRAM.   ////
.................... ////                                                                       ////
.................... ////                                                                       ////
.................... ////  CONFIGURATION                                                        ////
.................... ////  The LCD can be configured in one of two ways: a.) port access or     ////
.................... ////  b.) pin access.  Port access requires the entire 7 bit interface     ////
.................... ////  connected to one GPIO port, and the data bits (D4:D7 of the LCD)     ////
.................... ////  connected to sequential pins on the GPIO.  Pin access                ////
.................... ////  has no requirements, all 7 bits of the control interface can         ////
.................... ////  can be connected to any GPIO using several ports.                    ////
.................... ////                                                                       ////
.................... ////  To use port access, #define LCD_DATA_PORT to the SFR location of     ////
.................... ////  of the GPIO port that holds the interface, -AND- edit LCD_PIN_MAP    ////
.................... ////  of this file to configure the pin order.  If you are using a         ////
.................... ////  baseline PIC (PCB), then LCD_OUTPUT_MAP and LCD_INPUT_MAP also must  ////
.................... ////  be defined.                                                          ////
.................... ////                                                                       ////
.................... ////  Example of port access:                                              ////
.................... ////     #define LCD_DATA_PORT getenv("SFR:PORTD")                         ////
.................... ////                                                                       ////
.................... ////  To use pin access, the following pins must be defined:               ////
.................... ////     LCD_ENABLE_PIN                                                    ////
.................... ////     LCD_RS_PIN                                                        ////
.................... ////     LCD_RW_PIN                                                        ////
.................... ////     LCD_DATA4                                                         ////
.................... ////     LCD_DATA5                                                         ////
.................... ////     LCD_DATA6                                                         ////
.................... ////     LCD_DATA7                                                         ////
.................... ////                                                                       ////
.................... ////  Example of pin access:                                               ////
.................... ////     #define LCD_ENABLE_PIN  PIN_E0                                    ////
.................... ////     #define LCD_RS_PIN      PIN_E1                                    ////
.................... ////     #define LCD_RW_PIN      PIN_E2                                    ////
.................... ////     #define LCD_DATA4       PIN_D4                                    ////
.................... ////     #define LCD_DATA5       PIN_D5                                    ////
.................... ////     #define LCD_DATA6       PIN_D6                                    ////
.................... ////     #define LCD_DATA7       PIN_D7                                    ////
.................... ////                                                                       ////
.................... ///////////////////////////////////////////////////////////////////////////////
.................... ////        (C) Copyright 1996,2010 Custom Computer Services           ////
.................... //// This source code may only be used by licensed users of the CCS C  ////
.................... //// compiler.  This source code may only be distributed to other      ////
.................... //// licensed users of the CCS C compiler.  No other use, reproduction ////
.................... //// or distribution is permitted without written permission.          ////
.................... //// Derivative programs created using this software in object code    ////
.................... //// form are not restricted in any way.                               ////
.................... ///////////////////////////////////////////////////////////////////////////
.................... 
.................... #ifndef __LCD_C__
.................... #define __LCD_C__
.................... 
.................... // define the pinout.
.................... // only required if port access is being used.
.................... typedef struct  
.................... {                            // This structure is overlayed
....................    int1 enable;           // on to an I/O port to gain
....................    int1 rs;               // access to the LCD pins.
....................    int1 rw;               // The bits are allocated from
....................    int1 unused;           // low order up.  ENABLE will
....................    unsigned int     data : 4;         // be LSB pin of that port.
....................   #if defined(__PCD__)       // The port used will be LCD_DATA_PORT.
....................    unsigned int    reserved: 8;
....................   #endif
.................... } LCD_PIN_MAP;
.................... 
.................... // this is to improve compatability with previous LCD drivers that accepted
.................... // a define labeled 'use_portb_lcd' that configured the LCD onto port B.
.................... #if ((defined(use_portb_lcd)) && (use_portb_lcd==TRUE))
....................  #define LCD_DATA_PORT getenv("SFR:PORTB")
.................... #endif
.................... 
.................... #if defined(__PCB__)
....................    // these definitions only need to be modified for baseline PICs.
....................    // all other PICs use LCD_PIN_MAP or individual LCD_xxx pin definitions.
.................... /*                                    EN, RS,   RW,   UNUSED,  DATA  */
....................  const LCD_PIN_MAP LCD_OUTPUT_MAP =  {0,  0,    0,    0,       0};
....................  const LCD_PIN_MAP LCD_INPUT_MAP =   {0,  0,    0,    0,       0xF};
.................... #endif
.................... 
.................... ////////////////////// END CONFIGURATION ///////////////////////////////////
.................... 
.................... #ifndef LCD_ENABLE_PIN
....................    #define lcd_output_enable(x) lcdlat.enable=x
....................    #define lcd_enable_tris()   lcdtris.enable=0
.................... #else
....................    #define lcd_output_enable(x) output_bit(LCD_ENABLE_PIN, x)
....................    #define lcd_enable_tris()  output_drive(LCD_ENABLE_PIN)
.................... #endif
.................... 
.................... #ifndef LCD_RS_PIN
....................    #define lcd_output_rs(x) lcdlat.rs=x
....................    #define lcd_rs_tris()   lcdtris.rs=0
.................... #else
....................    #define lcd_output_rs(x) output_bit(LCD_RS_PIN, x)
....................    #define lcd_rs_tris()  output_drive(LCD_RS_PIN)
.................... #endif
.................... 
.................... #ifndef LCD_RW_PIN
....................    #define lcd_output_rw(x) lcdlat.rw=x
....................    #define lcd_rw_tris()   lcdtris.rw=0
.................... #else
....................    #define lcd_output_rw(x) output_bit(LCD_RW_PIN, x)
....................    #define lcd_rw_tris()  output_drive(LCD_RW_PIN)
.................... #endif
.................... 
.................... // original version of this library incorrectly labeled LCD_DATA0 as LCD_DATA4,
.................... // LCD_DATA1 as LCD_DATA5, and so on.  this block of code makes the driver
.................... // compatible with any code written for the original library
.................... #if (defined(LCD_DATA0) && defined(LCD_DATA1) && defined(LCD_DATA2) && defined(LCD_DATA3) && !defined(LCD_DATA4) && !defined(LCD_DATA5) && !defined(LCD_DATA6) && !defined(LCD_DATA7))
....................    #define  LCD_DATA4    LCD_DATA0
....................    #define  LCD_DATA5    LCD_DATA1
....................    #define  LCD_DATA6    LCD_DATA2
....................    #define  LCD_DATA7    LCD_DATA3
.................... #endif
.................... 
.................... #ifndef LCD_DATA4
.................... #ifndef LCD_DATA_PORT
....................    #if defined(__PCB__)
....................       #define LCD_DATA_PORT      0x06     //portb
....................       #define set_tris_lcd(x)   set_tris_b(x)
....................    #else
....................      #if defined(PIN_D0)
....................       #define LCD_DATA_PORT      getenv("SFR:PORTD")     //portd
....................      #else
....................       #define LCD_DATA_PORT      getenv("SFR:PORTB")     //portb
....................      #endif
....................    #endif   
.................... #endif
.................... 
.................... #if defined(__PCB__)
....................    LCD_PIN_MAP lcd, lcdlat;
....................    #byte lcd = LCD_DATA_PORT
....................    #byte lcdlat = LCD_DATA_PORT
.................... #elif defined(__PCM__)
....................    LCD_PIN_MAP lcd, lcdlat, lcdtris;
....................    #byte lcd = LCD_DATA_PORT
....................    #byte lcdlat = LCD_DATA_PORT
....................    #byte lcdtris = LCD_DATA_PORT+0x80
.................... #elif defined(__PCH__)
....................    LCD_PIN_MAP lcd, lcdlat, lcdtris;
....................    #byte lcd = LCD_DATA_PORT
....................    #byte lcdlat = LCD_DATA_PORT+9
....................    #byte lcdtris = LCD_DATA_PORT+0x12
.................... #elif defined(__PCD__)
....................    LCD_PIN_MAP lcd, lcdlat, lcdtris;
....................    #word lcd = LCD_DATA_PORT
....................    #word lcdlat = LCD_DATA_PORT+2
....................    #word lcdtris = LCD_DATA_PORT-0x02
.................... #endif
.................... #endif   //LCD_DATA4 not defined
.................... 
.................... #ifndef LCD_TYPE
....................    #define LCD_TYPE 2           // 0=5x7, 1=5x10, 2=2 lines
.................... #endif
.................... 
.................... #ifndef LCD_LINE_TWO
....................    #define LCD_LINE_TWO 0x40    // LCD RAM address for the second line
.................... #endif
.................... 
.................... #ifndef LCD_LINE_LENGTH
....................    #define LCD_LINE_LENGTH 20
.................... #endif
.................... 
.................... unsigned int8 lcd_read_nibble(void);
.................... 
.................... unsigned int8 lcd_read_byte(void)
.................... {
....................    unsigned int8 low,high;
.................... 
....................  #if defined(__PCB__)
....................    set_tris_lcd(LCD_INPUT_MAP);
....................  #else
....................   #if (defined(LCD_DATA4) && defined(LCD_DATA5) && defined(LCD_DATA6) && defined(LCD_DATA7))
....................    output_float(LCD_DATA4);
*
00AD:  BSF    07.3
....................    output_float(LCD_DATA5);
00AE:  BSF    07.4
....................    output_float(LCD_DATA6);
00AF:  BSF    07.5
....................    output_float(LCD_DATA7);
00B0:  BSF    07.6
....................   #else
....................    lcdtris.data = 0xF;
....................   #endif
....................  #endif
....................         
....................    lcd_output_rw(1);
00B1:  BCF    03.5
00B2:  BSF    07.2
00B3:  BCF    20.2
00B4:  MOVF   20,W
00B5:  BSF    03.5
00B6:  MOVWF  07
....................    delay_cycles(1);
00B7:  NOP
....................    lcd_output_enable(1);
00B8:  BCF    03.5
00B9:  BSF    07.0
00BA:  BCF    20.0
00BB:  MOVF   20,W
00BC:  BSF    03.5
00BD:  MOVWF  07
....................    delay_cycles(1);
00BE:  NOP
....................    high = lcd_read_nibble();
00BF:  BCF    03.5
00C0:  CALL   060
00C1:  MOVF   78,W
00C2:  MOVWF  40
....................       
....................    lcd_output_enable(0);
00C3:  BCF    07.0
00C4:  BCF    20.0
00C5:  MOVF   20,W
00C6:  BSF    03.5
00C7:  MOVWF  07
....................    delay_cycles(1);
00C8:  NOP
....................    lcd_output_enable(1);
00C9:  BCF    03.5
00CA:  BSF    07.0
00CB:  BCF    20.0
00CC:  MOVF   20,W
00CD:  BSF    03.5
00CE:  MOVWF  07
....................    delay_us(1);
00CF:  GOTO   0D0
00D0:  GOTO   0D1
00D1:  NOP
....................    low = lcd_read_nibble();
00D2:  BCF    03.5
00D3:  CALL   060
00D4:  MOVF   78,W
00D5:  MOVWF  3F
....................       
....................    lcd_output_enable(0);
00D6:  BCF    07.0
00D7:  BCF    20.0
00D8:  MOVF   20,W
00D9:  BSF    03.5
00DA:  MOVWF  07
.................... 
....................  #if defined(__PCB__)
....................    set_tris_lcd(LCD_OUTPUT_MAP);
....................  #else
....................   #if (defined(LCD_DATA4) && defined(LCD_DATA5) && defined(LCD_DATA6) && defined(LCD_DATA7))
....................    output_drive(LCD_DATA4);
00DB:  BCF    03.5
00DC:  BCF    20.3
00DD:  MOVF   20,W
00DE:  BSF    03.5
00DF:  MOVWF  07
....................    output_drive(LCD_DATA5);
00E0:  BCF    03.5
00E1:  BCF    20.4
00E2:  MOVF   20,W
00E3:  BSF    03.5
00E4:  MOVWF  07
....................    output_drive(LCD_DATA6);
00E5:  BCF    03.5
00E6:  BCF    20.5
00E7:  MOVF   20,W
00E8:  BSF    03.5
00E9:  MOVWF  07
....................    output_drive(LCD_DATA7);
00EA:  BCF    03.5
00EB:  BCF    20.6
00EC:  MOVF   20,W
00ED:  BSF    03.5
00EE:  MOVWF  07
....................   #else
....................    lcdtris.data = 0x0;
....................   #endif
....................  #endif
.................... 
....................    return( (high<<4) | low);
00EF:  BCF    03.5
00F0:  SWAPF  40,W
00F1:  MOVWF  77
00F2:  MOVLW  F0
00F3:  ANDWF  77,F
00F4:  MOVF   77,W
00F5:  IORWF  3F,W
00F6:  MOVWF  78
.................... }
.................... 
.................... unsigned int8 lcd_read_nibble(void)
.................... {
....................   #if (defined(LCD_DATA4) && defined(LCD_DATA5) && defined(LCD_DATA6) && defined(LCD_DATA7))
*
0060:  CLRF   41
....................    unsigned int8 n = 0x00;
.................... 
....................    /* Read the data port */
....................    n |= input(LCD_DATA4);
0061:  BSF    20.3
0062:  MOVF   20,W
0063:  BSF    03.5
0064:  MOVWF  07
0065:  MOVLW  00
0066:  BCF    03.5
0067:  BTFSC  07.3
0068:  MOVLW  01
0069:  IORWF  41,F
....................    n |= input(LCD_DATA5) << 1;
006A:  BSF    20.4
006B:  MOVF   20,W
006C:  BSF    03.5
006D:  MOVWF  07
006E:  MOVLW  00
006F:  BCF    03.5
0070:  BTFSC  07.4
0071:  MOVLW  01
0072:  MOVWF  77
0073:  BCF    03.0
0074:  RLF    77,F
0075:  MOVF   77,W
0076:  IORWF  41,F
....................    n |= input(LCD_DATA6) << 2;
0077:  BSF    20.5
0078:  MOVF   20,W
0079:  BSF    03.5
007A:  MOVWF  07
007B:  MOVLW  00
007C:  BCF    03.5
007D:  BTFSC  07.5
007E:  MOVLW  01
007F:  MOVWF  77
0080:  RLF    77,F
0081:  RLF    77,F
0082:  MOVLW  FC
0083:  ANDWF  77,F
0084:  MOVF   77,W
0085:  IORWF  41,F
....................    n |= input(LCD_DATA7) << 3;
0086:  BSF    20.6
0087:  MOVF   20,W
0088:  BSF    03.5
0089:  MOVWF  07
008A:  MOVLW  00
008B:  BCF    03.5
008C:  BTFSC  07.6
008D:  MOVLW  01
008E:  MOVWF  77
008F:  RLF    77,F
0090:  RLF    77,F
0091:  RLF    77,F
0092:  MOVLW  F8
0093:  ANDWF  77,F
0094:  MOVF   77,W
0095:  IORWF  41,F
....................    
....................    return(n);
0096:  MOVF   41,W
0097:  MOVWF  78
....................   #else
0098:  RETURN
....................    return(lcd.data);
....................   #endif
.................... }
.................... 
.................... void lcd_send_nibble(unsigned int8 n)
.................... {
....................   #if (defined(LCD_DATA4) && defined(LCD_DATA5) && defined(LCD_DATA6) && defined(LCD_DATA7))
....................    /* Write to the data port */
....................    output_bit(LCD_DATA4, bit_test(n, 0));
*
0026:  BTFSC  40.0
0027:  GOTO   02A
0028:  BCF    07.3
0029:  GOTO   02B
002A:  BSF    07.3
002B:  BCF    20.3
002C:  MOVF   20,W
002D:  BSF    03.5
002E:  MOVWF  07
....................    output_bit(LCD_DATA5, bit_test(n, 1));
002F:  BCF    03.5
0030:  BTFSC  40.1
0031:  GOTO   034
0032:  BCF    07.4
0033:  GOTO   035
0034:  BSF    07.4
0035:  BCF    20.4
0036:  MOVF   20,W
0037:  BSF    03.5
0038:  MOVWF  07
....................    output_bit(LCD_DATA6, bit_test(n, 2));
0039:  BCF    03.5
003A:  BTFSC  40.2
003B:  GOTO   03E
003C:  BCF    07.5
003D:  GOTO   03F
003E:  BSF    07.5
003F:  BCF    20.5
0040:  MOVF   20,W
0041:  BSF    03.5
0042:  MOVWF  07
....................    output_bit(LCD_DATA7, bit_test(n, 3));
0043:  BCF    03.5
0044:  BTFSC  40.3
0045:  GOTO   048
0046:  BCF    07.6
0047:  GOTO   049
0048:  BSF    07.6
0049:  BCF    20.6
004A:  MOVF   20,W
004B:  BSF    03.5
004C:  MOVWF  07
....................   #else      
....................    lcdlat.data = n;
....................   #endif
....................       
....................    delay_cycles(1);
004D:  NOP
....................    lcd_output_enable(1);
004E:  BCF    03.5
004F:  BSF    07.0
0050:  BCF    20.0
0051:  MOVF   20,W
0052:  BSF    03.5
0053:  MOVWF  07
....................    delay_us(2);
0054:  MOVLW  03
0055:  MOVWF  77
0056:  DECFSZ 77,F
0057:  GOTO   056
....................    lcd_output_enable(0);
0058:  BCF    03.5
0059:  BCF    07.0
005A:  BCF    20.0
005B:  MOVF   20,W
005C:  BSF    03.5
005D:  MOVWF  07
005E:  BCF    03.5
005F:  RETURN
.................... }
.................... 
.................... void lcd_send_byte(unsigned int8 address, unsigned int8 n)
.................... {
....................   #if defined(__PCB__)
....................    set_tris_lcd(LCD_OUTPUT_MAP);
....................   #else
....................    lcd_enable_tris();
*
0099:  BCF    20.0
009A:  MOVF   20,W
009B:  BSF    03.5
009C:  MOVWF  07
....................    lcd_rs_tris();
009D:  BCF    03.5
009E:  BCF    20.1
009F:  MOVF   20,W
00A0:  BSF    03.5
00A1:  MOVWF  07
....................    lcd_rw_tris();
00A2:  BCF    03.5
00A3:  BCF    20.2
00A4:  MOVF   20,W
00A5:  BSF    03.5
00A6:  MOVWF  07
....................   #endif
.................... 
....................    lcd_output_rs(0);
00A7:  BCF    03.5
00A8:  BCF    07.1
00A9:  BCF    20.1
00AA:  MOVF   20,W
00AB:  BSF    03.5
00AC:  MOVWF  07
....................    while ( bit_test(lcd_read_byte(),7) ) ;
*
00F7:  MOVF   78,W
00F8:  MOVWF  3F
00F9:  BTFSS  3F.7
00FA:  GOTO   0FD
00FB:  BSF    03.5
00FC:  GOTO   0AD
....................    lcd_output_rs(address);
00FD:  MOVF   3D,F
00FE:  BTFSS  03.2
00FF:  GOTO   102
0100:  BCF    07.1
0101:  GOTO   103
0102:  BSF    07.1
0103:  BCF    20.1
0104:  MOVF   20,W
0105:  BSF    03.5
0106:  MOVWF  07
....................    delay_cycles(1);
0107:  NOP
....................    lcd_output_rw(0);
0108:  BCF    03.5
0109:  BCF    07.2
010A:  BCF    20.2
010B:  MOVF   20,W
010C:  BSF    03.5
010D:  MOVWF  07
....................    delay_cycles(1);
010E:  NOP
....................    lcd_output_enable(0);
010F:  BCF    03.5
0110:  BCF    07.0
0111:  BCF    20.0
0112:  MOVF   20,W
0113:  BSF    03.5
0114:  MOVWF  07
....................    lcd_send_nibble(n >> 4);
0115:  BCF    03.5
0116:  SWAPF  3E,W
0117:  MOVWF  3F
0118:  MOVLW  0F
0119:  ANDWF  3F,F
011A:  MOVF   3F,W
011B:  MOVWF  40
011C:  CALL   026
....................    lcd_send_nibble(n & 0xf);
011D:  MOVF   3E,W
011E:  ANDLW  0F
011F:  MOVWF  3F
0120:  MOVWF  40
0121:  CALL   026
0122:  RETURN
.................... }
.................... 
.................... #if defined(LCD_EXTENDED_NEWLINE)
.................... unsigned int8 g_LcdX, g_LcdY;
.................... #endif
.................... 
.................... void lcd_init(void) 
.................... {
....................    unsigned int8 i;
....................    unsigned int8 LCD_INIT_STRING[4] = {0x20 | (LCD_TYPE << 2), 0xc, 1, 6};
0123:  MOVLW  28
0124:  MOVWF  2C
0125:  MOVLW  0C
0126:  MOVWF  2D
0127:  MOVLW  01
0128:  MOVWF  2E
0129:  MOVLW  06
012A:  MOVWF  2F
....................                              // These bytes need to be sent to the LCD
....................                              // to start it up.
....................    
.................... 
....................    lcd_output_enable(0);
012B:  BCF    07.0
012C:  BCF    20.0
012D:  MOVF   20,W
012E:  BSF    03.5
012F:  MOVWF  07
....................    lcd_output_rs(0);
0130:  BCF    03.5
0131:  BCF    07.1
0132:  BCF    20.1
0133:  MOVF   20,W
0134:  BSF    03.5
0135:  MOVWF  07
....................    lcd_output_rw(0);
0136:  BCF    03.5
0137:  BCF    07.2
0138:  BCF    20.2
0139:  MOVF   20,W
013A:  BSF    03.5
013B:  MOVWF  07
.................... 
....................  #if defined(__PCB__)
....................    set_tris_lcd(LCD_OUTPUT_MAP);
....................  #else
....................   #if (defined(LCD_DATA4) && defined(LCD_DATA5) && defined(LCD_DATA6) && defined(LCD_DATA7))
....................    output_drive(LCD_DATA4);
013C:  BCF    03.5
013D:  BCF    20.3
013E:  MOVF   20,W
013F:  BSF    03.5
0140:  MOVWF  07
....................    output_drive(LCD_DATA5);
0141:  BCF    03.5
0142:  BCF    20.4
0143:  MOVF   20,W
0144:  BSF    03.5
0145:  MOVWF  07
....................    output_drive(LCD_DATA6);
0146:  BCF    03.5
0147:  BCF    20.5
0148:  MOVF   20,W
0149:  BSF    03.5
014A:  MOVWF  07
....................    output_drive(LCD_DATA7);
014B:  BCF    03.5
014C:  BCF    20.6
014D:  MOVF   20,W
014E:  BSF    03.5
014F:  MOVWF  07
....................   #else
....................    lcdtris.data = 0x0;
....................   #endif
....................    lcd_enable_tris();
0150:  BCF    03.5
0151:  BCF    20.0
0152:  MOVF   20,W
0153:  BSF    03.5
0154:  MOVWF  07
....................    lcd_rs_tris();
0155:  BCF    03.5
0156:  BCF    20.1
0157:  MOVF   20,W
0158:  BSF    03.5
0159:  MOVWF  07
....................    lcd_rw_tris();
015A:  BCF    03.5
015B:  BCF    20.2
015C:  MOVF   20,W
015D:  BSF    03.5
015E:  MOVWF  07
....................  #endif
....................     
....................    delay_ms(15);
015F:  MOVLW  0F
0160:  BCF    03.5
0161:  MOVWF  39
0162:  CALL   012
....................    for(i=1;i<=3;++i)
0163:  MOVLW  01
0164:  MOVWF  2B
0165:  MOVF   2B,W
0166:  SUBLW  03
0167:  BTFSS  03.0
0168:  GOTO   171
....................    {
....................        lcd_send_nibble(3);
0169:  MOVLW  03
016A:  MOVWF  40
016B:  CALL   026
....................        delay_ms(5);
016C:  MOVLW  05
016D:  MOVWF  39
016E:  CALL   012
016F:  INCF   2B,F
0170:  GOTO   165
....................    }
....................    
....................    lcd_send_nibble(2);
0171:  MOVLW  02
0172:  MOVWF  40
0173:  CALL   026
....................    delay_ms(5);
0174:  MOVLW  05
0175:  MOVWF  39
0176:  CALL   012
....................    for(i=0;i<=3;++i)
0177:  CLRF   2B
0178:  MOVF   2B,W
0179:  SUBLW  03
017A:  BTFSS  03.0
017B:  GOTO   188
....................       lcd_send_byte(0,LCD_INIT_STRING[i]);
017C:  MOVLW  2C
017D:  ADDWF  2B,W
017E:  MOVWF  04
017F:  BCF    03.7
0180:  MOVF   00,W
0181:  MOVWF  30
0182:  CLRF   3D
0183:  MOVF   30,W
0184:  MOVWF  3E
0185:  CALL   099
.................... 
....................   #if defined(LCD_EXTENDED_NEWLINE)
0186:  INCF   2B,F
0187:  GOTO   178
0188:  BCF    0A.3
0189:  BCF    0A.4
018A:  GOTO   3E4 (RETURN)
....................    g_LcdX = 0;
....................    g_LcdY = 0;
....................   #endif
.................... }
.................... 
.................... void lcd_gotoxy(unsigned int8 x, unsigned int8 y)
.................... {
....................    unsigned int8 address;
....................    
....................    if(y!=1)
018B:  DECFSZ 3A,W
018C:  GOTO   18E
018D:  GOTO   191
....................       address=LCD_LINE_TWO;
018E:  MOVLW  40
018F:  MOVWF  3B
0190:  GOTO   192
....................    else
....................       address=0;
0191:  CLRF   3B
....................      
....................    address+=x-1;
0192:  MOVLW  01
0193:  SUBWF  39,W
0194:  ADDWF  3B,F
....................    lcd_send_byte(0,0x80|address);
0195:  MOVF   3B,W
0196:  IORLW  80
0197:  MOVWF  3C
0198:  CLRF   3D
0199:  MOVF   3C,W
019A:  MOVWF  3E
019B:  CALL   099
.................... 
....................   #if defined(LCD_EXTENDED_NEWLINE)
019C:  RETURN
....................    g_LcdX = x - 1;
....................    g_LcdY = y - 1;
....................   #endif
.................... }
.................... 
.................... void lcd_putc(char c)
.................... {
....................    switch (c)
019D:  MOVF   38,W
019E:  XORLW  07
019F:  BTFSC  03.2
01A0:  GOTO   1AB
01A1:  XORLW  0B
01A2:  BTFSC  03.2
01A3:  GOTO   1B0
01A4:  XORLW  06
01A5:  BTFSC  03.2
01A6:  GOTO   1B8
01A7:  XORLW  02
01A8:  BTFSC  03.2
01A9:  GOTO   1BE
01AA:  GOTO   1C3
....................    {
....................       case '\a'   :  lcd_gotoxy(1,1);     break;
01AB:  MOVLW  01
01AC:  MOVWF  39
01AD:  MOVWF  3A
01AE:  CALL   18B
01AF:  GOTO   1C8
.................... 
....................       case '\f'   :  lcd_send_byte(0,1);
01B0:  CLRF   3D
01B1:  MOVLW  01
01B2:  MOVWF  3E
01B3:  CALL   099
....................                      delay_ms(2);
01B4:  MOVLW  02
01B5:  MOVWF  39
01B6:  CALL   012
....................                     #if defined(LCD_EXTENDED_NEWLINE)
....................                      g_LcdX = 0;
....................                      g_LcdY = 0;
....................                     #endif
....................                      break;
01B7:  GOTO   1C8
.................... 
....................      #if defined(LCD_EXTENDED_NEWLINE)
....................       case '\r'   :  lcd_gotoxy(1, g_LcdY+1);   break;
....................       case '\n'   :
....................          while (g_LcdX++ < LCD_LINE_LENGTH)
....................          {
....................             lcd_send_byte(1, ' ');
....................          }
....................          lcd_gotoxy(1, g_LcdY+2);
....................          break;
....................      #else
....................       case '\n'   : lcd_gotoxy(1,2);        break;
01B8:  MOVLW  01
01B9:  MOVWF  39
01BA:  MOVLW  02
01BB:  MOVWF  3A
01BC:  CALL   18B
01BD:  GOTO   1C8
....................      #endif
....................      
....................       case '\b'   : lcd_send_byte(0,0x10);  break;
01BE:  CLRF   3D
01BF:  MOVLW  10
01C0:  MOVWF  3E
01C1:  CALL   099
01C2:  GOTO   1C8
....................      
....................      #if defined(LCD_EXTENDED_NEWLINE)
....................       default     : 
....................          if (g_LcdX < LCD_LINE_LENGTH)
....................          {
....................             lcd_send_byte(1, c);
....................             g_LcdX++;
....................          }
....................          break;
....................      #else
....................       default     : lcd_send_byte(1,c);     break;
01C3:  MOVLW  01
01C4:  MOVWF  3D
01C5:  MOVF   38,W
01C6:  MOVWF  3E
01C7:  CALL   099
....................      #endif
....................    }
01C8:  RETURN
.................... }
....................  
.................... char lcd_getc(unsigned int8 x, unsigned int8 y)
.................... {
....................    char value;
.................... 
....................    lcd_gotoxy(x,y);
....................    while ( bit_test(lcd_read_byte(),7) ); // wait until busy flag is low
....................    lcd_output_rs(1);
....................    value = lcd_read_byte();
....................    lcd_output_rs(0);
....................    
....................    return(value);
.................... }
.................... 
.................... // write a custom character to the ram
.................... // which is 0-7 and specifies which character array we are modifying.
.................... // ptr points to an array of 8 bytes, where each byte is the next row of
.................... //    pixels.  only bits 0-4 are used.  the last row is the cursor row, and
.................... //    usually you will want to leave this byte 0x00.
.................... void lcd_set_cgram_char(unsigned int8 which, unsigned int8 *ptr)
.................... {
....................    unsigned int i;
.................... 
....................    which <<= 3;
....................    which &= 0x38;
.................... 
....................    lcd_send_byte(0, 0x40 | which);  //set cgram address
.................... 
....................    for(i=0; i<8; i++)
....................    {
....................       lcd_send_byte(1, *ptr++);
....................    }
....................   
....................    #if defined(LCD_EXTENDED_NEWLINE)
....................     lcd_gotoxy(g_LcdX+1, g_LcdY+1);  //set ddram address
....................    #endif
.................... }
.................... 
.................... void lcd_cursor_on(int1 on)
.................... {
....................    if (on)
....................    {
....................       lcd_send_byte(0,0x0F);           //turn LCD cursor ON
....................    }
....................    else
....................    {
....................       lcd_send_byte(0,0x0C);           //turn LCD cursor OFF
....................    }
.................... }
.................... 
.................... #endif
.................... 
.................... 
.................... float v1,v2;
.................... void Doc_ADC()
.................... {
....................    set_adc_channel(0); 
....................    delay_us(20); 
....................    v1=read_adc();
....................    
....................    set_adc_channel(1); 
....................    delay_us(20); 
....................    v2=read_adc();
....................  
.................... }
.................... void main()
*
03C1:  MOVF   03,W
03C2:  ANDLW  1F
03C3:  MOVWF  03
03C4:  MOVLW  FF
03C5:  MOVWF  20
03C6:  CLRF   2A
03C7:  CLRF   29
03C8:  BSF    03.5
03C9:  BSF    1F.0
03CA:  BSF    1F.1
03CB:  BSF    1F.2
03CC:  BCF    1F.3
03CD:  MOVLW  07
03CE:  MOVWF  1C
03CF:  BCF    03.7
.................... {
....................    set_tris_C(0); 
03D0:  MOVLW  00
03D1:  MOVWF  07
03D2:  BCF    03.5
03D3:  MOVWF  20
....................    
....................    setup_adc(adc_clock_internal);
03D4:  BSF    03.5
03D5:  BCF    1F.6
03D6:  BCF    03.5
03D7:  BSF    1F.6
03D8:  BSF    1F.7
03D9:  BSF    03.5
03DA:  BCF    1F.7
03DB:  BCF    03.5
03DC:  BSF    1F.0
....................    setup_adc_ports(an0_an1_an3);
03DD:  BSF    03.5
03DE:  BCF    1F.0
03DF:  BCF    1F.1
03E0:  BSF    1F.2
03E1:  BCF    1F.3
....................    
....................    lcd_Init();
03E2:  BCF    03.5
03E3:  GOTO   123
....................     
....................    while(TRUE)
....................    {
....................    lcd_gotoxy(1,1);
03E4:  MOVLW  01
03E5:  MOVWF  39
03E6:  MOVWF  3A
03E7:  CALL   18B
....................    lcd_putc("Gia tri RV1: ");
03E8:  MOVLW  04
03E9:  BSF    03.6
03EA:  MOVWF  0D
03EB:  MOVLW  00
03EC:  MOVWF  0F
03ED:  BCF    03.6
03EE:  CALL   1C9
....................    lcd_gotoxy(14,1);
03EF:  MOVLW  0E
03F0:  MOVWF  39
03F1:  MOVLW  01
03F2:  MOVWF  3A
03F3:  CALL   18B
....................    printf(lcd_putc,"%f ",v1);
03F4:  MOVLW  89
03F5:  MOVWF  04
03F6:  MOVF   24,W
03F7:  MOVWF  2E
03F8:  MOVF   23,W
03F9:  MOVWF  2D
03FA:  MOVF   22,W
03FB:  MOVWF  2C
03FC:  MOVF   21,W
03FD:  MOVWF  2B
03FE:  MOVLW  02
03FF:  MOVWF  2F
0400:  CALL   26E
0401:  MOVLW  20
0402:  MOVWF  38
0403:  CALL   19D
....................    lcd_gotoxy(1,2);
0404:  MOVLW  01
0405:  MOVWF  39
0406:  MOVLW  02
0407:  MOVWF  3A
0408:  CALL   18B
....................    lcd_putc("Gia tri RV1: ");
0409:  MOVLW  0B
040A:  BSF    03.6
040B:  MOVWF  0D
040C:  MOVLW  00
040D:  MOVWF  0F
040E:  BCF    03.6
040F:  CALL   1C9
....................    lcd_gotoxy(14,2);
0410:  MOVLW  0E
0411:  MOVWF  39
0412:  MOVLW  02
0413:  MOVWF  3A
0414:  CALL   18B
....................    printf(lcd_putc,"%f ",v2);
0415:  MOVLW  89
0416:  MOVWF  04
0417:  MOVF   28,W
0418:  MOVWF  2E
0419:  MOVF   27,W
041A:  MOVWF  2D
041B:  MOVF   26,W
041C:  MOVWF  2C
041D:  MOVF   25,W
041E:  MOVWF  2B
041F:  MOVLW  02
0420:  MOVWF  2F
0421:  CALL   26E
0422:  MOVLW  20
0423:  MOVWF  38
0424:  CALL   19D
0425:  GOTO   3E4
....................     
....................    }
.................... 
.................... }
0426:  SLEEP

Configuration Fuses:
   Word  1: 3F72   HS NOWDT PUT BROWNOUT NOLVP NOCPD NOWRT NODEBUG NOPROTECT
