
ROM used:   1063/8192 (13%)
            1063/8192 (13%) including unused fragments

            0.9 Average locations per line
            8.9 Average locations per statement

RAM used:   16/368 (4%) at main() level
            42/368 (11%) worst case

Stack used: 5 worst case (5 in main + 0 for interrupts)
Stack size: 8

Lines Stmts  %   Files
----- ----- ---  -----
   48    20  17  main.c
  708     0   0  C:\Program Files (x86)\PICC\Devices\16F877A.h
  456   100  83  C:\Program Files (x86)\PICC\Drivers\lcd.c
----- -----
 1212   120 Total

Page ROM  %  RAM    Vol Diff  Functions:
---- --- --- ---    --- ----  ----------
0     20   2    1    596  5.9  @delay_ms1
 Inline         3    760  4.5  lcd_read_byte
0     57   5    2    262  3.7  lcd_read_nibble
0     58   5    1    399  2.4  lcd_send_nibble
0    138  13    3    415  3.7  lcd_send_byte
0    104  10    6    852  6.2  lcd_init
0     18   2    4    208  6.3  lcd_gotoxy
0     44   4    1    354  4.7  lcd_putc
0    102  10    0    367  2.3  MAIN
0      7   1    0             @const745
0     86   8    4             @PSTRINGC7_725
 Inline        13             @MULFF
 Inline         5             @FTOSD
0     79   7   13             @DIV3232
0    339  32   13             @PRINTF_L32D_725FPFPF
0      7   1    0             @const762
 Inline         0             @cinit1

Program metrics:
    Functions               9
    Statements              120
    Comments                224
    Volume (V)              6526
    Difficulty (D)          38.1
    Effort to implement (E) 248674
    Time to implement (T)   3 hours, 50 minutes
    Est Delivered Bugs (B)  1
    Cyclomatic Complexity   8
    Maintainability (MI)    144

 Segment     Used  Free
-----------  ----  ----
00000-00003     4  0  
00004-007FF  1059  985  
00800-00FFF     0  2048  
01000-017FF     0  2048  
01800-01FFF     0  2048  



