Added Component: Designator=ESP32(ESP32 WROOM 32 KIT)
Added Component: Designator=U1(NTU sensor)
Added Component: Designator=U3(PH sensor - duplicate)
Added Component: Designator=U4(TP4056)
Added Component: Designator=U5(MT3608 module)
Added Component: Designator=U6(pin - duplicate)
Added Pin To Net: NetName=NetESP32_5 Pin=ESP32-5
Added Pin To Net: NetName=NetESP32_6 Pin=ESP32-6
Added Pin To Net: NetName=NetESP32_14 Pin=ESP32-14
Added Pin To Net: NetName=NetESP32_16 Pin=ESP32-16
Added Pin To Net: NetName=NetESP32_16 Pin=U1-1
Added Pin To Net: NetName=NetESP32_16 Pin=U3-1
Added Pin To Net: NetName=NetESP32_6 Pin=U3-4
Added Pin To Net: NetName=NetESP32_14 Pin=U5-2
Added Pin To Net: NetName=NetESP32_4 Pin=ESP32-4
Added Pin To Net: NetName=NetESP32_4 Pin=U1-2
Added Net: Name=NetESP32_4
Added Pin To Net: NetName=NetESP32_15 Pin=ESP32-15
Added Pin To Net: NetName=NetESP32_15 Pin=U5-1
Added Net: Name=NetESP32_15
Added Pin To Net: NetName=NetESP32_17 Pin=ESP32-17
Added Pin To Net: NetName=NetESP32_17 Pin=U1-3
Added Pin To Net: NetName=NetESP32_17 Pin=U3-3
Added Net: Name=NetESP32_17
Added Pin To Net: NetName=NetU4_1 Pin=U4-1
Added Pin To Net: NetName=NetU4_1 Pin=U5-4
Added Net: Name=NetU4_1
Added Pin To Net: NetName=NetU4_2 Pin=U4-2
Added Pin To Net: NetName=NetU4_2 Pin=U6-1
Added Net: Name=NetU4_2
Added Pin To Net: NetName=NetU4_3 Pin=U6-2
Added Net: Name=NetU4_3
Added Pin To Net: NetName=NetU4_4 Pin=U4-4
Added Pin To Net: NetName=NetU4_4 Pin=U5-3
Added Net: Name=NetU4_4
Added Member To Class: ClassName=Sheet1 Member=Component ESP32 ESP32 DEVKIT
Added Member To Class: ClassName=Sheet1 Member=Component U1 NTU
Added Member To Class: ClassName=Sheet1 Member=Component U3 PH sensor
Added Member To Class: ClassName=Sheet1 Member=Component U4 TP4056 module
Added Member To Class: ClassName=Sheet1 Member=Component U5 MT3608 module
Added Member To Class: ClassName=Sheet1 Member=Component U6 pin
Added Room: Name=Sheet1
