
ROM used:   192/8192 (2%)
            192/8192 (2%) including unused fragments

            0.3 Average locations per line
            9.6 Average locations per statement

RAM used:   15/368 (4%) at main() level
            17/368 (5%) worst case

Stack used: 1 worst case (0 in main + 1 for interrupts)
Stack size: 8

Lines Stmts  %   Files
----- ----- ---  -----
   36    20 100  main.c
    5     0   0  main.h
  708     0   0  C:\Program Files (x86)\PICC\Devices\16F877A.h
----- -----
  749    20 Total

Page ROM  %  RAM    Vol Diff  Functions:
---- --- --- ---    --- ----  ----------
0     20  10    1             @delay_ms1
0     18   9    0     54  1.2  TIMER1_isr
0     20  10    0     57  1.9  TIMER0_isr
0     78  41    2    452  5.2  MAIN
 Inline         0             @cinit1

Program metrics:
    Functions               3
    Statements              20
    Comments                122
    Volume (V)              691
    Difficulty (D)          8.2
    Effort to implement (E) 5678
    Time to implement (T)   5 minutes
    Est Delivered Bugs (B)  0
    Cyclomatic Complexity   1
    Maintainability (MI)    90

 Segment     Used  Free
-----------  ----  ----
00000-00003     4  0  
00004-00037    52  0  
00038-007FF   136  1856  
00800-00FFF     0  2048  
01000-017FF     0  2048  
01800-01FFF     0  2048  



